  lzio.c
  lvm.c
  lutf8lib.c
  lundump.c
  luac.c
  lua.c
  ltm.c
  ltablib.c
  ltable.c
  lstrlib.c
  lstring.c
  lstate.c
  lparser.c
  loslib.c
  lopcodes.c
  lobject.c
  loadlib.c
  lmem.c
  lmathlib.c
  llex.c
  正在生成代码...
  正在编译...
  liolib.c
  linit.c
  lgc.c
  lfunc.c
  ldump.c
  ldo.c
  ldebug.c
  ldblib.c
  lctype.c
  lcorolib.c
  lcode.c
  lbitlib.c
  lbaselib.c
  lauxlib.c
  lapi.c
  正在生成代码...
lua.obj : warning LNK4006: _main 已在 luac.obj 中定义；已忽略第二个定义
  Lua-5.3.4.vcxproj -> E:\gitproject\gitLua\Lua-5.3.4\..\_run\Win32\Debug\Lua-5.3.4.lib
