  appender.cxx
  clogger.cxx
  configurator.cxx
  connectorthread.cxx
  fileinfo.cxx
  global-init.cxx
  hierarchy.cxx
  hierarchylocker.cxx
  layout.cxx
  lockfile.cxx
  log4judpappender.cxx
  logger.cxx
  loggingevent.cxx
  loggingmacros.cxx
  mdc.cxx
  ndc.cxx
  patternlayout.cxx
  version.cxx
  asyncappender.cxx
  consoleappender.cxx
  fileappender.cxx
  nteventlogappender.cxx
  nullappender.cxx
  socketappender.cxx
  syslogappender.cxx
  win32consoleappender.cxx
  win32debugappender.cxx
  env.cxx
  factory.cxx
  filter.cxx
  loggerimpl.cxx
  loglevel.cxx
  objectregistry.cxx
  rootlogger.cxx
  syncprims.cxx
  threads.cxx
  tls.cxx
  appenderattachableimpl.cxx
  loglog.cxx
  logloguser.cxx
  pointer.cxx
  property.cxx
  queue.cxx
  sleep.cxx
  snprintf.cxx
  socket-win32.cxx
  socket.cxx
  socketbuffer.cxx
  stringhelper-clocale.cxx
  stringhelper-cxxlocale.cxx
  stringhelper-iconv.cxx
  stringhelper.cxx
  timehelper.cxx
    正在创建库 ..\..\_run\Win32\Debug\log4cplusD.lib 和对象 ..\..\_run\Win32\Debug\log4cplusD.exp
  log4cplus.vcxproj -> D:\gitproject\gitLua\log4cplus-1.2.1-rc1\msvc10\..\..\_run\Win32\Debug\log4cplusD.dll
  log4cplus.vcxproj -> ..\..\_run\Win32\Debug\log4cplusD.pdb (Full PDB)
